2020-05-06 19:16:44.7676||DEBUG|AdminService.Program|init main function |url: |action: 
2020-05-06 19:16:54.0453||INFO|AdminService.Controllers.AdminController|fetching categories by id |url: http://localhost/api/Admin/getcategory/1|action: getcategory
2020-05-06 19:17:57.9884|1|ERROR|Microsoft.AspNetCore.Diagnostics.ExceptionHandlerMiddleware|An unhandled exception has occurred while executing the request. System.InvalidOperationException: The entity type 'category' was not found. Ensure that the entity type has been added to the model.
   at AdminService.Manager.ManagerRepository.AddCategory(category obj) in C:\Users\windows\source\repos\AdminService\AdminService\Manager\ManagerRepository.cs:line 33
   at AdminService.Controllers.AdminController.Addcategory(category obj) in C:\Users\windows\source\repos\AdminService\AdminService\Controllers\AdminController.cs:line 34
   at Microsoft.AspNetCore.Mvc.Infrastructure.ActionMethodExecutor.TaskOfIActionResultExecutor.Execute(IActionResultTypeMapper mapper, ObjectMethodExecutor executor, Object controller, Object[] arguments)
   at Microsoft.AspNetCore.Mvc.Infrastructure.ControllerActionInvoker.<InvokeActionMethodAsync>g__Awaited|12_0(ControllerActionInvoker invoker, ValueTask`1 actionResultValueTask)
   at Microsoft.AspNetCore.Mvc.Infrastructure.ControllerActionInvoker.<InvokeNextActionFilterAsync>g__Awaited|10_0(ControllerActionInvoker invoker, Task lastTask, State next, Scope scope, Object state, Boolean isCompleted)
   at Microsoft.AspNetCore.Mvc.Infrastructure.ControllerActionInvoker.Rethrow(ActionExecutedContextSealed context)
   at Microsoft.AspNetCore.Mvc.Infrastructure.ControllerActionInvoker.Next(State& next, Scope& scope, Object& state, Boolean& isCompleted)
   at Microsoft.AspNetCore.Mvc.Infrastructure.ControllerActionInvoker.InvokeInnerFilterAsync()
--- End of stack trace from previous location where exception was thrown ---
   at Microsoft.AspNetCore.Mvc.Infrastructure.ResourceInvoker.<InvokeNextResourceFilter>g__Awaited|24_0(ResourceInvoker invoker, Task lastTask, State next, Scope scope, Object state, Boolean isCompleted)
   at Microsoft.AspNetCore.Mvc.Infrastructure.ResourceInvoker.Rethrow(ResourceExecutedContextSealed context)
   at Microsoft.AspNetCore.Mvc.Infrastructure.ResourceInvoker.Next(State& next, Scope& scope, Object& state, Boolean& isCompleted)
   at Microsoft.AspNetCore.Mvc.Infrastructure.ResourceInvoker.InvokeFilterPipelineAsync()
--- End of stack trace from previous location where exception was thrown ---
   at Microsoft.AspNetCore.Mvc.Infrastructure.ResourceInvoker.<InvokeAsync>g__Awaited|17_0(ResourceInvoker invoker, Task task, IDisposable scope)
   at Microsoft.AspNetCore.Routing.EndpointMiddleware.<Invoke>g__AwaitRequestTask|6_0(Endpoint endpoint, Task requestTask, ILogger logger)
   at Microsoft.AspNetCore.Authorization.AuthorizationMiddleware.Invoke(HttpContext context)
   at Microsoft.AspNetCore.Diagnostics.ExceptionHandlerMiddleware.<Invoke>g__Awaited|6_0(ExceptionHandlerMiddleware middleware, HttpContext context, Task task)|url: http://localhost/api/Admin/AddCategory|action: Addcategory
2020-05-06 20:40:07.6889||INFO|AdminService.Controllers.AdminController|fetching categories by id |url: http://localhost/api/Admin/getcategory/2|action: getcategory
2020-05-06 20:59:53.9513||DEBUG|AdminService.Program|init main function |url: |action: 
2020-05-06 21:05:00.8393||INFO|AdminService.Controllers.AdminController|fetching categories by id |url: http://localhost/api/Admin/getcategory/2|action: getcategory
2020-05-06 21:05:13.0526||INFO|AdminService.Controllers.AdminController|fetching categories by id |url: http://localhost/api/Admin/getcategory/1000|action: getcategory
2020-05-06 23:33:30.0021||DEBUG|AdminService.Program|init main function |url: |action: 
2020-05-06 23:33:37.7453||INFO|AdminService.Controllers.AdminController|fetching categories by id |url: http://localhost/api/Admin/getcategory/2|action: getcategory
2020-05-06 23:33:49.1154||INFO|AdminService.Controllers.AdminController|fetching categories by id |url: http://localhost/api/Admin/getcategory/45|action: getcategory
